<?xml version="1.0" encoding="UTF-8"?>
<testng-results ignored="0" total="1" passed="1" failed="0" skipped="0">
  <reporter-output>
  </reporter-output>
  <suite started-at="2026-02-19T12:49:20 IST" name="Default suite" finished-at="2026-02-19T12:49:29 IST" duration-ms="8925">
    <groups>
    </groups>
    <test started-at="2026-02-19T12:49:20 IST" name="Default test" finished-at="2026-02-19T12:49:29 IST" duration-ms="8925">
      <class name="com.trainee.com.DesiredCapabilites_ChromeOptions">
        <test-method signature="localCapabilites_modernOptions_demo()[pri:0, instance:com.trainee.com.DesiredCapabilites_ChromeOptions@7b2bbc3]" started-at="2026-02-19T12:49:20 IST" name="localCapabilites_modernOptions_demo" finished-at="2026-02-19T12:49:29 IST" duration-ms="8871" status="PASS">
          <reporter-output>
          </reporter-output>
        </test-method> <!-- localCapabilites_modernOptions_demo -->
      </class> <!-- com.trainee.com.DesiredCapabilites_ChromeOptions -->
    </test> <!-- Default test -->
  </suite> <!-- Default suite -->
</testng-results>
